==========================================
Google Drive Sync: Sat Feb 21 09:03:05 MSK 2026
==========================================
Traceback (most recent call last):
  File "/Users/alexander/VK-offee/.github/scripts/sync_google_drive_v2.py", line 13, in <module>
    from google.oauth2.credentials import Credentials
ModuleNotFoundError: No module named 'google'
❌ Ошибка синхронизации
==========================================
Google Drive Sync: Sun Feb 22 09:01:49 MSK 2026
==========================================
Traceback (most recent call last):
  File "/Users/alexander/VK-offee/.github/scripts/sync_google_drive_v2.py", line 13, in <module>
    from google.oauth2.credentials import Credentials
ModuleNotFoundError: No module named 'google'
❌ Ошибка синхронизации
==========================================
Google Drive Sync: Sun Mar  1 09:03:36 MSK 2026
==========================================
Traceback (most recent call last):
  File "/Users/alexander/Github/VK-offee/.github/scripts/sync_google_drive_v2.py", line 13, in <module>
    from google.oauth2.credentials import Credentials
ModuleNotFoundError: No module named 'google'
❌ Ошибка синхронизации
==========================================
Google Drive Sync: Mon Mar  2 09:00:03 MSK 2026
==========================================
Traceback (most recent call last):
  File "/Users/alexander/Github/VK-offee/.github/scripts/sync_google_drive_v2.py", line 13, in <module>
    from google.oauth2.credentials import Credentials
ModuleNotFoundError: No module named 'google'
❌ Ошибка синхронизации
==========================================
Google Drive Sync: Wed Mar  4 09:00:01 MSK 2026
==========================================
Traceback (most recent call last):
  File "/Users/alexander/Github/VK-offee/.github/scripts/sync_google_drive_v2.py", line 13, in <module>
    from google.oauth2.credentials import Credentials
ModuleNotFoundError: No module named 'google'
❌ Ошибка синхронизации
==========================================
Google Drive Sync: Fri Mar  6 09:00:00 MSK 2026
==========================================
Traceback (most recent call last):
  File "/Users/alexander/Github/VK-offee/.github/scripts/sync_google_drive_v2.py", line 13, in <module>
    from google.oauth2.credentials import Credentials
ModuleNotFoundError: No module named 'google'
❌ Ошибка синхронизации
==========================================
Google Drive Sync: Wed Mar 11 09:00:00 MSK 2026
==========================================
Traceback (most recent call last):
  File "/Users/alexander/Github/VK-offee/.github/scripts/sync_google_drive_v2.py", line 13, in <module>
    from google.oauth2.credentials import Credentials
ModuleNotFoundError: No module named 'google'
❌ Ошибка синхронизации
==========================================
Google Drive Sync: Thu Mar 12 09:00:00 MSK 2026
==========================================
Traceback (most recent call last):
  File "/Users/alexander/Github/VK-offee/.github/scripts/sync_google_drive_v2.py", line 13, in <module>
    from google.oauth2.credentials import Credentials
ModuleNotFoundError: No module named 'google'
❌ Ошибка синхронизации
==========================================
Google Drive Sync: Fri Mar 13 09:00:00 MSK 2026
==========================================
Traceback (most recent call last):
  File "/Users/alexander/Github/VK-offee/.github/scripts/sync_google_drive_v2.py", line 13, in <module>
    from google.oauth2.credentials import Credentials
ModuleNotFoundError: No module named 'google'
❌ Ошибка синхронизации
==========================================
Google Drive Sync: Sat Mar 14 09:00:01 MSK 2026
==========================================
Traceback (most recent call last):
  File "/Users/alexander/Github/VK-offee/.github/scripts/sync_google_drive_v2.py", line 13, in <module>
    from google.oauth2.credentials import Credentials
ModuleNotFoundError: No module named 'google'
❌ Ошибка синхронизации
==========================================
Google Drive Sync: Thu Mar 19 09:00:00 MSK 2026
==========================================
Traceback (most recent call last):
  File "/Users/alexander/Github/VK-offee/.github/scripts/sync_google_drive_v2.py", line 13, in <module>
    from google.oauth2.credentials import Credentials
ModuleNotFoundError: No module named 'google'
❌ Ошибка синхронизации
